c:\users\nqw\documents\visual studio 2010\projects\clickomania\clickomania\release\clickomania.pch
c:\users\nqw\documents\visual studio 2010\projects\clickomania\clickomania\release\stdafx.obj
c:\users\nqw\documents\visual studio 2010\projects\clickomania\clickomania\release\vc100.pdb
c:\users\nqw\documents\visual studio 2010\projects\clickomania\clickomania\release\setblockcount.obj
c:\users\nqw\documents\visual studio 2010\projects\clickomania\clickomania\release\mainfrm.obj
c:\users\nqw\documents\visual studio 2010\projects\clickomania\clickomania\release\clickomaniaboard.obj
c:\users\nqw\documents\visual studio 2010\projects\clickomania\clickomania\release\clickomaniaview.obj
c:\users\nqw\documents\visual studio 2010\projects\clickomania\clickomania\release\clickomaniadoc.obj
c:\users\nqw\documents\visual studio 2010\projects\clickomania\clickomania\release\clickomania.obj
c:\users\nqw\documents\visual studio 2010\projects\clickomania\release\clickomania.exe
c:\users\nqw\documents\visual studio 2010\projects\clickomania\clickomania\release\clickomania.exe.intermediate.manifest
c:\users\nqw\documents\visual studio 2010\projects\clickomania\release\clickomania.pdb
c:\users\nqw\documents\visual studio 2010\projects\clickomania\clickomania\release\clickomania.res
c:\users\rnbhal\documents\visual studio 2013\projects\clickomania\clickomania\release\clickomania.pch
c:\users\rnbhal\documents\visual studio 2013\projects\clickomania\clickomania\release\vc120.pdb
c:\users\rnbhal\documents\visual studio 2013\projects\clickomania\clickomania\release\stdafx.obj
c:\users\rnbhal\documents\visual studio 2013\projects\clickomania\clickomania\release\setblockcount.obj
c:\users\rnbhal\documents\visual studio 2013\projects\clickomania\clickomania\release\mainfrm.obj
c:\users\rnbhal\documents\visual studio 2013\projects\clickomania\clickomania\release\clickomaniaboard.obj
c:\users\rnbhal\documents\visual studio 2013\projects\clickomania\clickomania\release\clickomaniaview.obj
c:\users\rnbhal\documents\visual studio 2013\projects\clickomania\clickomania\release\clickomaniadoc.obj
c:\users\rnbhal\documents\visual studio 2013\projects\clickomania\clickomania\release\clickomania.obj
c:\users\rnbhal\documents\visual studio 2013\projects\clickomania\clickomania\release\clickomania.res
c:\users\rnbhal\documents\visual studio 2013\projects\clickomania\clickomania\release\cl.command.1.tlog
c:\users\rnbhal\documents\visual studio 2013\projects\clickomania\clickomania\release\cl.read.1.tlog
c:\users\rnbhal\documents\visual studio 2013\projects\clickomania\clickomania\release\cl.write.1.tlog
c:\users\rnbhal\documents\visual studio 2013\projects\clickomania\clickomania\release\clickomania.write.1.tlog
c:\users\rnbhal\documents\visual studio 2013\projects\clickomania\clickomania\release\link-cvtres.read.1.tlog
c:\users\rnbhal\documents\visual studio 2013\projects\clickomania\clickomania\release\link-cvtres.write.1.tlog
c:\users\rnbhal\documents\visual studio 2013\projects\clickomania\clickomania\release\link.command.1.tlog
c:\users\rnbhal\documents\visual studio 2013\projects\clickomania\clickomania\release\link.read.1.tlog
c:\users\rnbhal\documents\visual studio 2013\projects\clickomania\clickomania\release\link.write.1.tlog
c:\users\rnbhal\documents\visual studio 2013\projects\clickomania\clickomania\release\mt.command.1.tlog
c:\users\rnbhal\documents\visual studio 2013\projects\clickomania\clickomania\release\mt.read.1.tlog
c:\users\rnbhal\documents\visual studio 2013\projects\clickomania\clickomania\release\mt.write.1.tlog
c:\users\rnbhal\documents\visual studio 2013\projects\clickomania\clickomania\release\rc.command.1.tlog
c:\users\rnbhal\documents\visual studio 2013\projects\clickomania\clickomania\release\rc.read.1.tlog
c:\users\rnbhal\documents\visual studio 2013\projects\clickomania\clickomania\release\rc.write.1.tlog
c:\users\rnbhal\documents\visual studio 2013\projects\clickomania\clickomania\release\clickomania.exe.intermediate.manifest
c:\users\rnbhal\documents\visual studio 2013\projects\clickomania\clickomania\release\vc100.pdb
c:\users\rnbhal\documents\visual studio 2013\projects\clickomania\release\clickomania.pdb
c:\users\rnbhal\documents\visual studio 2013\projects\clickomania\clickomania\release\clickomania.tlog\cl.command.1.tlog
c:\users\rnbhal\documents\visual studio 2013\projects\clickomania\clickomania\release\clickomania.tlog\cl.read.1.tlog
c:\users\rnbhal\documents\visual studio 2013\projects\clickomania\clickomania\release\clickomania.tlog\cl.write.1.tlog
c:\users\rnbhal\documents\visual studio 2013\projects\clickomania\clickomania\release\clickomania.tlog\link-cvtres.read.1.tlog
c:\users\rnbhal\documents\visual studio 2013\projects\clickomania\clickomania\release\clickomania.tlog\link-cvtres.write.1.tlog
c:\users\rnbhal\documents\visual studio 2013\projects\clickomania\clickomania\release\clickomania.tlog\link-mt.read.1.tlog
c:\users\rnbhal\documents\visual studio 2013\projects\clickomania\clickomania\release\clickomania.tlog\link-mt.write.1.tlog
c:\users\rnbhal\documents\visual studio 2013\projects\clickomania\clickomania\release\clickomania.tlog\link-rc.read.1.tlog
c:\users\rnbhal\documents\visual studio 2013\projects\clickomania\clickomania\release\clickomania.tlog\link-rc.write.1.tlog
c:\users\rnbhal\documents\visual studio 2013\projects\clickomania\clickomania\release\clickomania.tlog\link.command.1.tlog
c:\users\rnbhal\documents\visual studio 2013\projects\clickomania\clickomania\release\clickomania.tlog\link.read.1.tlog
c:\users\rnbhal\documents\visual studio 2013\projects\clickomania\clickomania\release\clickomania.tlog\link.write.1.tlog
c:\users\rnbhal\documents\visual studio 2013\projects\clickomania\clickomania\release\clickomania.tlog\rc.command.1.tlog
c:\users\rnbhal\documents\visual studio 2013\projects\clickomania\clickomania\release\clickomania.tlog\rc.read.1.tlog
c:\users\rnbhal\documents\visual studio 2013\projects\clickomania\clickomania\release\clickomania.tlog\rc.write.1.tlog
