c:\users\nqw\documents\visual studio 2010\projects\clickomania\clickomania\debug\clickomania.pch
c:\users\nqw\documents\visual studio 2010\projects\clickomania\clickomania\debug\stdafx.obj
c:\users\nqw\documents\visual studio 2010\projects\clickomania\clickomania\debug\vc100.pdb
c:\users\nqw\documents\visual studio 2010\projects\clickomania\clickomania\debug\clickomania.obj
c:\users\nqw\documents\visual studio 2010\projects\clickomania\clickomania\debug\clickomaniadoc.obj
c:\users\nqw\documents\visual studio 2010\projects\clickomania\clickomania\debug\clickomaniaview.obj
c:\users\nqw\documents\visual studio 2010\projects\clickomania\clickomania\debug\mainfrm.obj
c:\users\nqw\documents\visual studio 2010\projects\clickomania\clickomania\debug\clickomaniaboard.obj
c:\users\nqw\documents\visual studio 2010\projects\clickomania\clickomania\debug\setblockcount.obj
c:\users\nqw\documents\visual studio 2010\projects\clickomania\debug\clickomania.ilk
c:\users\nqw\documents\visual studio 2010\projects\clickomania\debug\clickomania.exe
c:\users\nqw\documents\visual studio 2010\projects\clickomania\clickomania\debug\clickomania.exe.intermediate.manifest
c:\users\nqw\documents\visual studio 2010\projects\clickomania\debug\clickomania.pdb
c:\users\nqw\documents\visual studio 2010\projects\clickomania\clickomania\debug\clickomania.exe.embed.manifest
c:\users\nqw\documents\visual studio 2010\projects\clickomania\clickomania\debug\clickomania.exe.embed.manifest.res
c:\users\nqw\documents\visual studio 2010\projects\clickomania\clickomania\debug\clickomania.res
c:\users\rnbhal\documents\visual studio 2013\projects\clickomania\clickomania\debug\clickomania.pch
c:\users\rnbhal\documents\visual studio 2013\projects\clickomania\clickomania\debug\vc120.pdb
c:\users\rnbhal\documents\visual studio 2013\projects\clickomania\clickomania\debug\vc120.idb
c:\users\rnbhal\documents\visual studio 2013\projects\clickomania\clickomania\debug\stdafx.obj
c:\users\rnbhal\documents\visual studio 2013\projects\clickomania\clickomania\debug\clickomania.obj
c:\users\rnbhal\documents\visual studio 2013\projects\clickomania\clickomania\debug\clickomaniadoc.obj
c:\users\rnbhal\documents\visual studio 2013\projects\clickomania\clickomania\debug\clickomaniaview.obj
c:\users\rnbhal\documents\visual studio 2013\projects\clickomania\clickomania\debug\clickomaniaboard.obj
c:\users\rnbhal\documents\visual studio 2013\projects\clickomania\clickomania\debug\mainfrm.obj
c:\users\rnbhal\documents\visual studio 2013\projects\clickomania\clickomania\debug\setblockcount.obj
c:\users\rnbhal\documents\visual studio 2013\projects\clickomania\clickomania\debug\clickomania.res
c:\users\rnbhal\documents\visual studio 2013\projects\clickomania\clickomania\debug\clickomania.vcxprojresolveassemblyreference.cache
c:\users\rnbhal\documents\visual studio 2013\projects\clickomania\clickomania\debug\cl.command.1.tlog
c:\users\rnbhal\documents\visual studio 2013\projects\clickomania\clickomania\debug\cl.read.1.tlog
c:\users\rnbhal\documents\visual studio 2013\projects\clickomania\clickomania\debug\cl.write.1.tlog
c:\users\rnbhal\documents\visual studio 2013\projects\clickomania\clickomania\debug\clickomania.write.1.tlog
c:\users\rnbhal\documents\visual studio 2013\projects\clickomania\clickomania\debug\link-cvtres.read.1.tlog
c:\users\rnbhal\documents\visual studio 2013\projects\clickomania\clickomania\debug\link-cvtres.write.1.tlog
c:\users\rnbhal\documents\visual studio 2013\projects\clickomania\clickomania\debug\link.3296-cvtres.read.1.tlog
c:\users\rnbhal\documents\visual studio 2013\projects\clickomania\clickomania\debug\link.3296-cvtres.write.1.tlog
c:\users\rnbhal\documents\visual studio 2013\projects\clickomania\clickomania\debug\link.3296.read.1.tlog
c:\users\rnbhal\documents\visual studio 2013\projects\clickomania\clickomania\debug\link.3296.write.1.tlog
c:\users\rnbhal\documents\visual studio 2013\projects\clickomania\clickomania\debug\link.3584-cvtres.read.1.tlog
c:\users\rnbhal\documents\visual studio 2013\projects\clickomania\clickomania\debug\link.3584-cvtres.write.1.tlog
c:\users\rnbhal\documents\visual studio 2013\projects\clickomania\clickomania\debug\link.3584.read.1.tlog
c:\users\rnbhal\documents\visual studio 2013\projects\clickomania\clickomania\debug\link.3584.write.1.tlog
c:\users\rnbhal\documents\visual studio 2013\projects\clickomania\clickomania\debug\link.4556-cvtres.read.1.tlog
c:\users\rnbhal\documents\visual studio 2013\projects\clickomania\clickomania\debug\link.4556-cvtres.write.1.tlog
c:\users\rnbhal\documents\visual studio 2013\projects\clickomania\clickomania\debug\link.4556.read.1.tlog
c:\users\rnbhal\documents\visual studio 2013\projects\clickomania\clickomania\debug\link.4556.write.1.tlog
c:\users\rnbhal\documents\visual studio 2013\projects\clickomania\clickomania\debug\link.5580-cvtres.read.1.tlog
c:\users\rnbhal\documents\visual studio 2013\projects\clickomania\clickomania\debug\link.5580-cvtres.write.1.tlog
c:\users\rnbhal\documents\visual studio 2013\projects\clickomania\clickomania\debug\link.5580.read.1.tlog
c:\users\rnbhal\documents\visual studio 2013\projects\clickomania\clickomania\debug\link.5580.write.1.tlog
c:\users\rnbhal\documents\visual studio 2013\projects\clickomania\clickomania\debug\link.command.1.tlog
c:\users\rnbhal\documents\visual studio 2013\projects\clickomania\clickomania\debug\link.read.1.tlog
c:\users\rnbhal\documents\visual studio 2013\projects\clickomania\clickomania\debug\link.write.1.tlog
c:\users\rnbhal\documents\visual studio 2013\projects\clickomania\clickomania\debug\mt.command.1.tlog
c:\users\rnbhal\documents\visual studio 2013\projects\clickomania\clickomania\debug\mt.read.1.tlog
c:\users\rnbhal\documents\visual studio 2013\projects\clickomania\clickomania\debug\mt.write.1.tlog
c:\users\rnbhal\documents\visual studio 2013\projects\clickomania\clickomania\debug\rc.command.1.tlog
c:\users\rnbhal\documents\visual studio 2013\projects\clickomania\clickomania\debug\rc.read.1.tlog
c:\users\rnbhal\documents\visual studio 2013\projects\clickomania\clickomania\debug\rc.write.1.tlog
c:\users\rnbhal\documents\visual studio 2013\projects\clickomania\clickomania\debug\clickomania.exe.embed.manifest
c:\users\rnbhal\documents\visual studio 2013\projects\clickomania\clickomania\debug\clickomania.exe.intermediate.manifest
c:\users\rnbhal\documents\visual studio 2013\projects\clickomania\clickomania\debug\clickomania.exe.embed.manifest.res
c:\users\rnbhal\documents\visual studio 2013\projects\clickomania\clickomania\debug\vc100.idb
c:\users\rnbhal\documents\visual studio 2013\projects\clickomania\clickomania\debug\vc100.pdb
c:\users\rnbhal\documents\visual studio 2013\projects\clickomania\clickomania\debug\clickomania_manifest.rc
c:\users\rnbhal\documents\visual studio 2013\projects\clickomania\debug\clickomania.pdb
c:\users\rnbhal\documents\visual studio 2013\projects\clickomania\clickomania\debug\clickomania.tlog\cl.command.1.tlog
c:\users\rnbhal\documents\visual studio 2013\projects\clickomania\clickomania\debug\clickomania.tlog\cl.read.1.tlog
c:\users\rnbhal\documents\visual studio 2013\projects\clickomania\clickomania\debug\clickomania.tlog\cl.write.1.tlog
c:\users\rnbhal\documents\visual studio 2013\projects\clickomania\clickomania\debug\clickomania.tlog\link-cvtres.read.1.tlog
c:\users\rnbhal\documents\visual studio 2013\projects\clickomania\clickomania\debug\clickomania.tlog\link-cvtres.write.1.tlog
c:\users\rnbhal\documents\visual studio 2013\projects\clickomania\clickomania\debug\clickomania.tlog\link-mt.read.1.tlog
c:\users\rnbhal\documents\visual studio 2013\projects\clickomania\clickomania\debug\clickomania.tlog\link-mt.write.1.tlog
c:\users\rnbhal\documents\visual studio 2013\projects\clickomania\clickomania\debug\clickomania.tlog\link-rc.read.1.tlog
c:\users\rnbhal\documents\visual studio 2013\projects\clickomania\clickomania\debug\clickomania.tlog\link-rc.write.1.tlog
c:\users\rnbhal\documents\visual studio 2013\projects\clickomania\clickomania\debug\clickomania.tlog\link.command.1.tlog
c:\users\rnbhal\documents\visual studio 2013\projects\clickomania\clickomania\debug\clickomania.tlog\link.read.1.tlog
c:\users\rnbhal\documents\visual studio 2013\projects\clickomania\clickomania\debug\clickomania.tlog\link.write.1.tlog
c:\users\rnbhal\documents\visual studio 2013\projects\clickomania\clickomania\debug\clickomania.tlog\rc.command.1.tlog
c:\users\rnbhal\documents\visual studio 2013\projects\clickomania\clickomania\debug\clickomania.tlog\rc.read.1.tlog
c:\users\rnbhal\documents\visual studio 2013\projects\clickomania\clickomania\debug\clickomania.tlog\rc.write.1.tlog
